2026/04/19 13:14:57 310104312 cffb06dd [INFO Client 33248] : You have entered City Square.
2026/04/19 13:15:21 310128500 1186a886 [DEBUG Client 33248] Generating level 60 area "HideoutWorldTurtle" with seed 1
2026/04/19 13:15:22 310129390 cffb06dd [INFO Client 33248] : You have entered Cosmic Turtle Hideout.
2026/04/19 13:15:25 310132656 1186a886 [DEBUG Client 33248] Generating level 83 area "MapWorldsCitySquare" with seed 1151191100
2026/04/19 13:15:27 310133906 cffb06dd [INFO Client 33248] : You have entered City Square.
2026/04/19 13:19:11 310358375 1186a886 [DEBUG Client 33248] Generating level 60 area "HideoutWorldTurtle" with seed 1
2026/04/19 13:19:12 310359312 cffb06dd [INFO Client 33248] : You have entered Cosmic Turtle Hideout.
2026/04/19 13:19:35 310382031 1186a886 [DEBUG Client 33248] Generating level 83 area "MapWorldsCitySquare" with seed 1151191100
2026/04/19 13:19:36 310383296 cffb06dd [INFO Client 33248] : You have entered City Square.
2026/04/19 13:19:53 310400250 1186a886 [DEBUG Client 33248] Generating level 83 area "MapWorldsCitySquare" with seed 1151191100
2026/04/19 13:19:54 310401250 cffb06dd [INFO Client 33248] : You have entered City Square.
2026/04/19 13:21:58 310525171 1186a886 [DEBUG Client 33248] Generating level 83 area "MapWorldsCitySquare" with seed 1151191100
2026/04/19 13:21:59 310526250 cffb06dd [INFO Client 33248] : You have entered City Square.
2026/04/19 13:22:04 310530968 1186a886 [DEBUG Client 33248] Generating level 60 area "HideoutWorldTurtle" with seed 1
2026/04/19 13:22:04 310531796 cffb06dd [INFO Client 33248] : You have entered Cosmic Turtle Hideout.
2026/04/20 19:44:54 419902062 1186a886 [DEBUG Client 30340] Generating level 13 area "1_1_town" with seed 1
2026/04/20 19:44:55 419903031 cffb06dd [INFO Client 30340] : You have entered Lioneye's Watch.
2026/04/20 19:45:03 419911484 1186a886 [DEBUG Client 30340] Generating level 60 area "HideoutWorldTurtle" with seed 1
2026/04/20 19:45:04 419912500 cffb06dd [INFO Client 30340] : You have entered Cosmic Turtle Hideout.
2026/04/20 19:46:34 420002421 1186a886 [DEBUG Client 30340] Generating level 83 area "MapWorldsCitySquare" with seed 1850438615
2026/04/20 19:46:35 420003453 cffb06dd [INFO Client 30340] : You have entered City Square.
2026/04/20 19:48:14 420102843 1186a886 [DEBUG Client 30340] Generating level 60 area "HideoutWorldTurtle" with seed 1
2026/04/20 19:48:15 420103796 cffb06dd [INFO Client 30340] : You have entered Cosmic Turtle Hideout.
2026/04/20 19:48:19 420107171 1186a886 [DEBUG Client 30340] Generating level 83 area "MapWorldsCitySquare" with seed 1850438615
2026/04/20 19:48:20 420108359 cffb06dd [INFO Client 30340] : You have entered City Square.
2026/04/20 19:51:33 420301281 1186a886 [DEBUG Client 30340] Generating level 83 area "MapWorldsCitySquare" with seed 1850438615
2026/04/20 19:51:34 420302437 cffb06dd [INFO Client 30340] : You have entered City Square.
2026/04/20 19:52:09 420336968 1186a886 [DEBUG Client 30340] Generating level 60 area "HideoutWorldTurtle" with seed 1
2026/04/20 19:52:09 420337812 cffb06dd [INFO Client 30340] : You have entered Cosmic Turtle Hideout.
2026/04/20 19:52:13 420341671 1186a886 [DEBUG Client 30340] Generating level 83 area "MapWorldsCitySquare" with seed 1850438615
2026/04/20 19:52:15 420343531 cffb06dd [INFO Client 30340] : You have entered City Square.
2026/04/20 19:52:24 420352671 1186a886 [DEBUG Client 30340] Generating level 83 area "MapWorldsCitySquare" with seed 1850438615
2026/04/20 19:52:25 420353828 cffb06dd [INFO Client 30340] : You have entered City Square.
2026/04/20 19:53:57 420445453 1186a886 [DEBUG Client 30340] Generating level 60 area "HideoutWorldTurtle" with seed 1
2026/04/20 19:53:58 420446375 cffb06dd [INFO Client 30340] : You have entered Cosmic Turtle Hideout.
2026/04/20 19:54:23 420471859 1186a886 [DEBUG Client 30340] Generating level 83 area "MapWorldsCitySquare" with seed 1850438615
2026/04/20 19:54:25 420473437 cffb06dd [INFO Client 30340] : You have entered City Square.
2026/04/20 19:54:33 420481609 1186a886 [DEBUG Client 30340] Generating level 83 area "MapWorldsCitySquare" with seed 1850438615
2026/04/20 19:54:34 420482609 cffb06dd [INFO Client 30340] : You have entered City Square.
2026/04/20 19:55:14 420522531 1186a886 [DEBUG Client 30340] Generating level 83 area "MapWorldsCitySquare" with seed 1850438615
2026/04/20 19:55:15 420523562 cffb06dd [INFO Client 30340] : You have entered City Square.
2026/04/20 19:55:22 420530000 1186a886 [DEBUG Client 30340] Generating level 60 area "HideoutWorldTurtle" with seed 1
2026/04/20 19:55:23 420530984 cffb06dd [INFO Client 30340] : You have entered Cosmic Turtle Hideout.
2026/04/20 19:56:33 420601531 1186a886 [DEBUG Client 30340] Generating level 83 area "MapWorldsCitySquare" with seed 2690677643
2026/04/20 19:56:34 420602750 cffb06dd [INFO Client 30340] : You have entered City Square.
2026/04/20 19:56:55 420623875 1186a886 [DEBUG Client 30340] Generating level 60 area "HideoutWorldTurtle" with seed 1
2026/04/20 19:56:56 420624718 cffb06dd [INFO Client 30340] : You have entered Cosmic Turtle Hideout.
2026/04/20 19:57:17 420645687 1186a886 [DEBUG Client 30340] Generating level 84 area "MapWorldsMemoryVault2" with seed 3364928792
2026/04/20 19:57:18 420646812 cffb06dd [INFO Client 30340] : You have entered Zealot's Vault.
2026/04/20 19:57:36 420664218 1186a886 [DEBUG Client 30340] Generating level 60 area "HideoutWorldTurtle" with seed 1
2026/04/20 19:57:37 420665093 cffb06dd [INFO Client 30340] : You have entered Cosmic Turtle Hideout.
2026/07/17 18:27:11 76153828 1186a886 [DEBUG Client 28480] Generating level 1 area "1_1_1" with seed 2038780742
2026/07/17 18:27:12 76154640 cffb06dd [INFO Client 28480] : You have entered The Twilight Strand.
2026/07/17 18:28:36 76238609 cffb06dd [INFO Client 28480] : Exile1 (Witch) is now level 2
2026/07/17 18:28:47 76249562 1186a886 [DEBUG Client 28480] Generating level 13 area "1_1_town" with seed 1
2026/07/17 18:28:48 76250468 cffb06dd [INFO Client 28480] : You have entered Lioneye's Watch.
2026/07/17 18:31:02 76385062 1186a886 [DEBUG Client 28480] Generating level 2 area "1_1_2" with seed 1314931652
2026/07/17 18:31:03 76385859 cffb06dd [INFO Client 28480] : You have entered The Coast.
2026/07/17 18:31:54 76436656 cffb06dd [INFO Client 28480] : Exile1 (Witch) is now level 3
2026/07/17 18:32:42 76485171 1186a886 [DEBUG Client 28480] Generating level 4 area "1_1_3" with seed 8919899
2026/07/17 18:32:43 76485968 cffb06dd [INFO Client 28480] : You have entered The Mud Flats.
2026/07/17 18:34:02 76564453 cffb06dd [INFO Client 28480] : Exile1 (Witch) is now level 4
2026/07/17 18:34:50 76612828 1186a886 [DEBUG Client 28480] Generating level 5 area "1_1_4_1" with seed 2352385078
2026/07/17 18:34:51 76613750 cffb06dd [INFO Client 28480] : You have entered The Submerged Passage.
2026/07/17 18:34:59 76621359 1186a886 [DEBUG Client 28480] Generating level 13 area "1_1_town" with seed 1
2026/07/17 18:34:59 76622140 cffb06dd [INFO Client 28480] : You have entered Lioneye's Watch.
